Could not read previous export (for caching), doing full export.
footer-logo: Exporting image
footer-description-txt: Exporting image
footer-social-icons: Exporting image
footer-bg: Exporting image
filter-drop-down: Exporting image
portfolio-description: Exporting image
portfolio-title: Exporting image
icon-8: Exporting image
Keywords-9: Exporting image
Heading-11: Exporting image
icon-7: Exporting image
Keywords-8: Exporting image
Heading-10: Exporting image
icon-6: Exporting image
content-6: Exporting image
Keywords-7: Exporting image
Heading-9: Exporting image
icon-5: Exporting image
content-5: Exporting image
Keywords-6: Exporting image
Heading-8: Exporting image
p-img-icon-hover: Exporting image
p-img-icon: Exporting image
p-img-txt: Exporting image
Keywords-5: Exporting image
Heading-7: Exporting image
icon-4: Exporting image
content-4: Exporting image
Keywords-4: Exporting image
Heading-6: Exporting image
icon-3: Exporting image
Keywords-3: Exporting image
Heading-5: Exporting image
icon-2: Exporting image
content-2: Exporting image
Keywords-2: Exporting image
Heading: Exporting image
icon: Exporting image
content: Exporting image
Keywords: Exporting image
Heading 5: Exporting image
Reg btn: Exporting image
Big Btn: Exporting image
feature-description: Exporting image
feature-title: Exporting image
feature-content: Exporting image
col1: Exporting image
heading3: Exporting image
iPhone Wire by @lobanovskiy: Exporting image
search: Exporting image
mail: Exporting image
blog: Exporting image
service: Exporting image
work: Exporting image
about: Exporting image
home: Exporting image
logo: Exporting image
header-bg: Exporting image
playBtn: Exporting image
bigText: Exporting image
prev: Exporting image
next: Exporting image
active-circle: Exporting image
circle-navigator: Exporting image
videoBg: Exporting image
109 views changed
Success: /var/folders/tk/7mmxtxj96t9d02n4__c1sh500000gn/T/16F72404-2546-4E88-B63D-FE5E1DA4DC9A-13433-000105B81537C293/onepage
