Could not read previous export (for caching), doing full export.
pic5: Exporting image
pic4: Exporting image
pic3: Exporting image
pic2: Exporting image
pic1: Exporting image
dim: Exporting image
topBar: Exporting image
txt1: Exporting image
Icons: Exporting image
txt3: Exporting image
Icons copy 6: Exporting image
txt5: Exporting image
Icons copy 8: Exporting image
txt4: Exporting image
Icons copy 7: Exporting image
txt2: Exporting image
Icons copy 5: Exporting image
17 views changed
Success: /var/folders/tk/7mmxtxj96t9d02n4__c1sh500000gn/T/D0ED8360-303E-4BBB-ADE1-FDB0FFD47F79-615-000002C256937BA7/News
